<?xml version="1.0" encoding="UTF-8"?>
<testng-results ignored="0" total="2" passed="2" failed="0" skipped="0">
  <reporter-output>
  </reporter-output>
  <suite started-at="2024-01-04T12:15:41 IST" name="Default suite" finished-at="2024-01-04T12:15:53 IST" duration-ms="11726">
    <groups>
    </groups>
    <test started-at="2024-01-04T12:15:41 IST" name="Default test" finished-at="2024-01-04T12:15:53 IST" duration-ms="11726">
      <class name="com.testcases.RegisterTest">
        <test-method is-config="true" signature="setup()[pri:0, instance:com.testcases.RegisterTest@54a7079e]" started-at="2024-01-04T12:15:42 IST" name="setup" finished-at="2024-01-04T12:15:44 IST" duration-ms="2503" status="PASS">
          <reporter-output>
          </reporter-output>
        </test-method> <!-- setup -->
        <test-method signature="Verify_Registrationfunctionality(java.lang.String,java.lang.String,java.lang.String,java.lang.String,java.lang.String,java.lang.String)[pri:1, instance:com.testcases.RegisterTest@54a7079e]" started-at="2024-01-04T12:15:44 IST" name="Verify_Registrationfunctionality" description="Registering user" data-provider="dataTest" finished-at="2024-01-04T12:15:46 IST" duration-ms="1926" status="PASS">
          <params>
            <param index="0">
              <value>
                <![CDATA[Bharat]]>
              </value>
            </param>
            <param index="1">
              <value>
                <![CDATA[Reddy]]>
              </value>
            </param>
            <param index="2">
              <value>
                <![CDATA[bharathreddy58190@gmail.com]]>
              </value>
            </param>
            <param index="3">
              <value>
                <![CDATA[6360398489]]>
              </value>
            </param>
            <param index="4">
              <value>
                <![CDATA[123456789]]>
              </value>
            </param>
            <param index="5">
              <value>
                <![CDATA[123456789]]>
              </value>
            </param>
          </params>
          <reporter-output>
          </reporter-output>
        </test-method> <!-- Verify_Registrationfunctionality -->
        <test-method is-config="true" signature="setup()[pri:0, instance:com.testcases.RegisterTest@54a7079e]" started-at="2024-01-04T12:15:46 IST" name="setup" finished-at="2024-01-04T12:15:48 IST" duration-ms="2200" status="PASS">
          <reporter-output>
          </reporter-output>
        </test-method> <!-- setup -->
        <test-method signature="Verify_Login()[pri:2, instance:com.testcases.RegisterTest@54a7079e]" started-at="2024-01-04T12:15:48 IST" name="Verify_Login" description="Logining in with newly created user" finished-at="2024-01-04T12:15:53 IST" depends-on-methods="com.testcases.RegisterTest.Verify_Registrationfunctionality" duration-ms="4364" status="PASS">
          <reporter-output>
          </reporter-output>
        </test-method> <!-- Verify_Login -->
      </class> <!-- com.testcases.RegisterTest -->
    </test> <!-- Default test -->
  </suite> <!-- Default suite -->
</testng-results>
